<?xml version="1.0" encoding="UTF-8"?>
<Site BuildName="Linux-g++"
	BuildStamp="20231219-1142-Experimental"
	Name="idealrender-IdeaPad-3-15IML05"
	Generator="ctest-3.22.1"
	CompilerName="/usr/bin/g++"
	CompilerVersion="11.4.0"
	OSName="Linux"
	Hostname="idealrender-IdeaPad-3-15IML05"
	OSRelease="6.2.0-39-generic"
	OSVersion="#40~22.04.1-Ubuntu SMP PREEMPT_DYNAMIC Thu Nov 16 10:53:04 UTC 2"
	OSPlatform="x86_64"
	Is64Bits="1"
	VendorString="GenuineIntel"
	VendorID="Intel Corporation"
	FamilyID="6"
	ModelID="142"
	ProcessorCacheSize="4096"
	NumberOfLogicalCPU="4"
	NumberOfPhysicalCPU="2"
	TotalVirtualMemory="4169"
	TotalPhysicalMemory="3649"
	LogicalProcessorsPerPhysical="2"
	ProcessorClockFrequency="3326.66"
	>
	<Testing>
		<StartDateTime>Dec 19 08:52 -03</StartDateTime>
		<StartTestTime>1702986732</StartTestTime>
		<TestList/>
		<EndDateTime>Dec 19 08:52 -03</EndDateTime>
		<EndTestTime>1702986732</EndTestTime>
		<ElapsedMinutes>0</ElapsedMinutes>
	</Testing>
</Site>
